<?xml version="1.0" encoding="UTF-8"?>
<!-- Generated by org.testng.reporters.JUnitXMLReporter -->
<testsuite hostname="LAPTOP-P1SU3K5M" ignored="0" name="It" tests="1" failures="1" timestamp="2020-02-23T12:55:50 EST" time="4.874" errors="0">
  <testcase name="f" time="0.001" classname="Run.TestData">
    <failure type="org.testng.internal.reflect.MethodMatcherException" message="
[public void Run.TestData.f(java.lang.Integer,java.lang.String)] has no parameters defined but was found to be using a data provider (either explicitly specified or inherited from class level annotation).
Data provider mismatch
Method: f([Parameter{index=0, type=java.lang.Integer, declaredAnnotations=[]}, Parameter{index=1, type=java.lang.String, declaredAnnotations=[]}])
Arguments: [(java.lang.String) shahbaz@gmail,(java.lang.String) a]">
      <![CDATA[org.testng.internal.reflect.MethodMatcherException: 
[public void Run.TestData.f(java.lang.Integer,java.lang.String)] has no parameters defined but was found to be using a data provider (either explicitly specified or inherited from class level annotation).
Data provider mismatch
Method: f([Parameter{index=0, type=java.lang.Integer, declaredAnnotations=[]}, Parameter{index=1, type=java.lang.String, declaredAnnotations=[]}])
Arguments: [(java.lang.String) shahbaz@gmail,(java.lang.String) a]
at java.util.ArrayList.forEach(Unknown Source)
... Removed 22 stack frames]]>
    </failure>
  </testcase> <!-- f -->
</testsuite> <!-- It -->
